<?xml version="1.0" encoding="UTF-8"?>
<testsuite name="com.bridgelabz.StackTest" tests="1" skipped="0" failures="0" errors="0" timestamp="2021-06-10T09:33:15" hostname="DESKTOP-4IPP4FC" time="0.146">
  <properties/>
  <testcase name="given3Nums_IntoStack_WhenPopped_ShouldHaveLastAddedOut()" classname="com.bridgelabz.StackTest" time="0.146"/>
  <system-out><![CDATA[My Nodes: 30-->70
]]></system-out>
  <system-err><![CDATA[]]></system-err>
</testsuite>
